<?xml version="1.0" encoding="UTF-8"?>
<!-- Generated by org.testng.reporters.JUnitReportReporter -->
<testsuite hostname="LAPTOP-RT1IVDJ8" failures="0" tests="2" name="tests.FlightSearchTest" time="25.704" errors="0" timestamp="2025-05-14T20:29:02 IST" skipped="0">
  <testcase classname="tests.FlightSearchTest" name="noFlightResults" time="16.071"/>
  <testcase classname="tests.FlightSearchTest" name="testFlightSearchResults" time="9.633"/>
</testsuite> <!-- tests.FlightSearchTest -->
