<?xml version="1.0" encoding="UTF-8"?>
<!-- Generated by org.testng.reporters.JUnitReportReporter -->
<testsuite hostname="LAPTOP-RT1IVDJ8" failures="0" tests="2" name="tests.FlightSearchTest" time="29.724" errors="0" timestamp="2025-05-15T22:12:17 IST" skipped="0">
  <testcase classname="tests.FlightSearchTest" name="noFlightResults" time="19.711"/>
  <testcase classname="tests.FlightSearchTest" name="testFlightSearchResults" time="10.013"/>
</testsuite> <!-- tests.FlightSearchTest -->
